This file contains any messages produced by compilers while
running configure, to aid debugging if configure makes a mistake.

It was created by unimrcp configure 1.5.0, which was
generated by GNU Autoconf 2.69.  Invocation command line was

  $ ./configure 

## --------- ##
## Platform. ##
## --------- ##

hostname = 191-0-4-18.user3g.veloxzone.com.br
uname -m = x86_64
uname -r = 17.7.0
uname -s = Darwin
uname -v = Darwin Kernel Version 17.7.0: Thu Jun 21 22:53:14 PDT 2018; root:xnu-4570.71.2~1/RELEASE_X86_64

/usr/bin/uname -p = i386
/bin/uname -X     = unknown

/bin/arch              = unknown
/usr/bin/arch -k       = unknown
/usr/convex/getsysinfo = unknown
/usr/bin/hostinfo      = Mach kernel version:
	 Darwin Kernel Version 17.7.0: Thu Jun 21 22:53:14 PDT 2018; root:xnu-4570.71.2~1/RELEASE_X86_64
Kernel configured for up to 4 processors.
4 processors are physically available.
4 processors are logically available.
Processor type: x86_64h (Intel x86-64h Haswell)
Processors active: 0 1 2 3
Primary memory available: 12.00 gigabytes
Default processor set: 425 tasks, 1840 threads, 4 processors
Load average: 2.04, Mach factor: 2.06
/bin/machine           = unknown
/usr/bin/oslevel       = unknown
/bin/universe          = unknown

PATH: /usr/local/bin
PATH: /usr/bin
PATH: /bin
PATH: /usr/sbin
PATH: /sbin
PATH: /Applications/VMware Fusion.app/Contents/Public
PATH: /Applications/Wireshark.app/Contents/MacOS
PATH: /Volumes/XDiskHome/macOS_install/apache-maven-3.5.4/bin


## ----------- ##
## Core tests. ##
## ----------- ##

configure:4096: checking for chosen layout
configure:4098: result: classic
configure:4306: checking for a BSD-compatible install
configure:4374: result: /usr/bin/install -c
configure:4385: checking whether build environment is sane
configure:4440: result: yes
configure:4591: checking for a thread-safe mkdir -p
configure:4630: result: build/install-sh -c -d
configure:4637: checking for gawk
configure:4667: result: no
configure:4637: checking for mawk
configure:4667: result: no
configure:4637: checking for nawk
configure:4667: result: no
configure:4637: checking for awk
configure:4653: found /usr/bin/awk
configure:4664: result: awk
configure:4675: checking whether make sets $(MAKE)
configure:4697: result: yes
configure:4726: checking whether make supports nested variables
configure:4743: result: yes
configure:4872: checking whether make supports nested variables
configure:4889: result: yes
configure:4956: checking for gcc
configure:4972: found /usr/bin/gcc
configure:4983: result: gcc
configure:5212: checking for C compiler version
configure:5221: gcc --version >&5
Apple LLVM version 10.0.0 (clang-1000.11.45.5)
Target: x86_64-apple-darwin17.7.0
Thread model: posix
InstalledDir: /Applications/Xcode.app/Contents/Developer/Toolchains/XcodeDefault.xctoolchain/usr/bin
Configured with: --prefix=/Applications/Xcode.app/Contents/Developer/usr --with-gxx-include-dir=/usr/include/c++/4.2.1
configure:5232: $? = 0
configure:5221: gcc -v >&5
Configured with: --prefix=/Applications/Xcode.app/Contents/Developer/usr --with-gxx-include-dir=/usr/include/c++/4.2.1
Apple LLVM version 10.0.0 (clang-1000.11.45.5)
Target: x86_64-apple-darwin17.7.0
Thread model: posix
InstalledDir: /Applications/Xcode.app/Contents/Developer/Toolchains/XcodeDefault.xctoolchain/usr/bin
configure:5232: $? = 0
configure:5221: gcc -V >&5
clang: error: argument to '-V' is missing (expected 1 value)
clang: error: no input files
configure:5232: $? = 1
configure:5221: gcc -qversion >&5
clang: error: unknown argument: '-qversion'
clang: error: no input files
configure:5232: $? = 1
configure:5252: checking whether the C compiler works
configure:5274: gcc    conftest.c  >&5
configure:5278: $? = 0
configure:5326: result: yes
configure:5329: checking for C compiler default output file name
configure:5331: result: a.out
configure:5337: checking for suffix of executables
configure:5344: gcc -o conftest    conftest.c  >&5
configure:5348: $? = 0
configure:5370: result: 
configure:5392: checking whether we are cross compiling
configure:5400: gcc -o conftest    conftest.c  >&5
configure:5404: $? = 0
configure:5411: ./conftest
configure:5415: $? = 0
configure:5430: result: no
configure:5435: checking for suffix of object files
configure:5457: gcc -c   conftest.c >&5
configure:5461: $? = 0
configure:5482: result: o
configure:5486: checking whether we are using the GNU C compiler
configure:5505: gcc -c   conftest.c >&5
configure:5505: $? = 0
configure:5514: result: yes
configure:5523: checking whether gcc accepts -g
configure:5543: gcc -c -g  conftest.c >&5
configure:5543: $? = 0
configure:5584: result: yes
configure:5601: checking for gcc option to accept ISO C89
configure:5664: gcc  -c -g -O2  conftest.c >&5
configure:5664: $? = 0
configure:5677: result: none needed
configure:5702: checking whether gcc understands -c and -o together
configure:5724: gcc -c conftest.c -o conftest2.o
configure:5727: $? = 0
configure:5724: gcc -c conftest.c -o conftest2.o
configure:5727: $? = 0
configure:5739: result: yes
configure:5759: checking whether make supports the include directive
configure:5774: make -f confmf.GNU && cat confinc.out
this is the am__doit target
configure:5777: $? = 0
configure:5796: result: yes (GNU style)
configure:5821: checking dependency style of gcc
configure:5932: result: gcc3
configure:6005: checking for g++
configure:6021: found /usr/bin/g++
configure:6032: result: g++
configure:6059: checking for C++ compiler version
configure:6068: g++ --version >&5
Apple LLVM version 10.0.0 (clang-1000.11.45.5)
Target: x86_64-apple-darwin17.7.0
Thread model: posix
InstalledDir: /Applications/Xcode.app/Contents/Developer/Toolchains/XcodeDefault.xctoolchain/usr/bin
Configured with: --prefix=/Applications/Xcode.app/Contents/Developer/usr --with-gxx-include-dir=/usr/include/c++/4.2.1
configure:6079: $? = 0
configure:6068: g++ -v >&5
Configured with: --prefix=/Applications/Xcode.app/Contents/Developer/usr --with-gxx-include-dir=/usr/include/c++/4.2.1
Apple LLVM version 10.0.0 (clang-1000.11.45.5)
Target: x86_64-apple-darwin17.7.0
Thread model: posix
InstalledDir: /Applications/Xcode.app/Contents/Developer/Toolchains/XcodeDefault.xctoolchain/usr/bin
configure:6079: $? = 0
configure:6068: g++ -V >&5
clang: error: argument to '-V' is missing (expected 1 value)
clang: error: no input files
configure:6079: $? = 1
configure:6068: g++ -qversion >&5
clang: error: unknown argument: '-qversion'
clang: error: no input files
configure:6079: $? = 1
configure:6083: checking whether we are using the GNU C++ compiler
configure:6102: g++ -c   conftest.cpp >&5
configure:6102: $? = 0
configure:6111: result: yes
configure:6120: checking whether g++ accepts -g
configure:6140: g++ -c -g  conftest.cpp >&5
configure:6140: $? = 0
configure:6181: result: yes
configure:6206: checking dependency style of g++
configure:6317: result: gcc3
configure:6366: checking build system type
configure:6380: result: x86_64-apple-darwin17.7.0
configure:6400: checking host system type
configure:6413: result: x86_64-apple-darwin17.7.0
configure:6454: checking how to print strings
configure:6481: result: printf
configure:6502: checking for a sed that does not truncate output
configure:6566: result: /usr/bin/sed
configure:6584: checking for grep that handles long lines and -e
configure:6642: result: /usr/bin/grep
configure:6647: checking for egrep
configure:6709: result: /usr/bin/grep -E
configure:6714: checking for fgrep
configure:6776: result: /usr/bin/grep -F
configure:6811: checking for ld used by gcc
configure:6878: result: /Applications/Xcode.app/Contents/Developer/Toolchains/XcodeDefault.xctoolchain/usr/bin/ld
configure:6885: checking if the linker (/Applications/Xcode.app/Contents/Developer/Toolchains/XcodeDefault.xctoolchain/usr/bin/ld) is GNU ld
configure:6900: result: no
configure:6912: checking for BSD- or MS-compatible name lister (nm)
configure:6966: result: /usr/bin/nm -B
configure:7096: checking the name lister (/usr/bin/nm -B) interface
configure:7103: gcc -c -g -O2  conftest.c >&5
configure:7106: /usr/bin/nm -B "conftest.o"
configure:7109: output
00000000000001f4 S _some_variable
configure:7116: result: BSD nm
configure:7119: checking whether ln -s works
configure:7123: result: yes
configure:7131: checking the maximum length of command line arguments
configure:7262: result: 196608
configure:7310: checking how to convert x86_64-apple-darwin17.7.0 file names to x86_64-apple-darwin17.7.0 format
configure:7350: result: func_convert_file_noop
configure:7357: checking how to convert x86_64-apple-darwin17.7.0 file names to toolchain format
configure:7377: result: func_convert_file_noop
configure:7384: checking for /Applications/Xcode.app/Contents/Developer/Toolchains/XcodeDefault.xctoolchain/usr/bin/ld option to reload object files
configure:7391: result: -r
configure:7465: checking for objdump
configure:7481: found /usr/bin/objdump
configure:7492: result: objdump
configure:7524: checking how to recognize dependent libraries
configure:7724: result: pass_all
configure:7809: checking for dlltool
configure:7839: result: no
configure:7869: checking how to associate runtime and link libraries
configure:7896: result: printf %s\n
configure:7957: checking for ar
configure:7973: found /usr/bin/ar
configure:7984: result: ar
configure:8021: checking for archiver @FILE support
configure:8038: gcc -c -g -O2  conftest.c >&5
configure:8038: $? = 0
configure:8041: ar cru libconftest.a @conftest.lst >&5
ar: @conftest.lst: No such file or directory
configure:8044: $? = 1
configure:8064: result: no
configure:8122: checking for strip
configure:8138: found /usr/bin/strip
configure:8149: result: strip
configure:8221: checking for ranlib
configure:8237: found /usr/bin/ranlib
configure:8248: result: ranlib
configure:8350: checking command to parse /usr/bin/nm -B output from gcc object
configure:8503: gcc -c -g -O2  conftest.c >&5
configure:8506: $? = 0
configure:8510: /usr/bin/nm -B conftest.o \| sed -n -e 's/^.*[ ]\([BCDEGRST][BCDEGRST]*\)[ ][ ]*\([_A-Za-z][_A-Za-z0-9]*\)$/\1 \2 \2/p' | sed '/ __gnu_lto/d' \> conftest.nm
configure:8513: $? = 0
cannot find nm_test_var in conftest.nm
configure:8503: gcc -c -g -O2  conftest.c >&5
configure:8506: $? = 0
configure:8510: /usr/bin/nm -B conftest.o \| sed -n -e 's/^.*[ ]\([BCDEGRST][BCDEGRST]*\)[ ][ ]*_\([_A-Za-z][_A-Za-z0-9]*\)$/\1 _\2 \2/p' | sed '/ __gnu_lto/d' \> conftest.nm
configure:8513: $? = 0
configure:8579: gcc -o conftest -g -O2   conftest.c conftstm.o >&5
warning: (x86_64)  could not find object file symbol for symbol _main
configure:8582: $? = 0
configure:8620: result: ok
configure:8667: checking for sysroot
configure:8697: result: no
configure:8704: checking for a working dd
configure:8742: result: /bin/dd
configure:8746: checking how to truncate binary pipes
configure:8761: result: /bin/dd bs=4096 count=1
configure:9090: checking for mt
configure:9120: result: no
configure:9140: checking if : is a manifest tool
configure:9146: : '-?'
configure:9154: result: no
configure:9210: checking for dsymutil
configure:9226: found /usr/bin/dsymutil
configure:9237: result: dsymutil
configure:9302: checking for nmedit
configure:9318: found /usr/bin/nmedit
configure:9329: result: nmedit
configure:9394: checking for lipo
configure:9410: found /usr/bin/lipo
configure:9421: result: lipo
configure:9486: checking for otool
configure:9502: found /usr/bin/otool
configure:9513: result: otool
configure:9578: checking for otool64
configure:9608: result: no
configure:9653: checking for -single_module linker flag
gcc -g -O2  -o libconftest.dylib -dynamiclib -Wl,-single_module conftest.c
configure:9686: result: yes
configure:9689: checking for -exported_symbols_list linker flag
configure:9709: gcc -o conftest -g -O2   -Wl,-exported_symbols_list,conftest.sym conftest.c  >&5
configure:9709: $? = 0
configure:9719: result: yes
configure:9722: checking for -force_load linker flag
gcc -g -O2 -c -o conftest.o conftest.c
ar cru libconftest.a conftest.o
ranlib libconftest.a
gcc -g -O2  -o conftest conftest.c -Wl,-force_load,./libconftest.a
configure:9754: result: yes
configure:9831: checking how to run the C preprocessor
configure:9862: gcc -E  conftest.c
configure:9862: $? = 0
configure:9876: gcc -E  conftest.c
conftest.c:9:10: fatal error: 'ac_nonexistent.h' file not found
#include <ac_nonexistent.h>
         ^~~~~~~~~~~~~~~~~~
1 error generated.
configure:9876: $? = 1
configure: failed program was:
| /* confdefs.h */
| #define PACKAGE_NAME "unimrcp"
| #define PACKAGE_TARNAME "unimrcp"
| #define PACKAGE_VERSION "1.5.0"
| #define PACKAGE_STRING "unimrcp 1.5.0"
| #define PACKAGE_BUGREPORT ""
| #define PACKAGE_URL ""
| /* end confdefs.h.  */
| #include <ac_nonexistent.h>
configure:9901: result: gcc -E
configure:9921: gcc -E  conftest.c
configure:9921: $? = 0
configure:9935: gcc -E  conftest.c
conftest.c:9:10: fatal error: 'ac_nonexistent.h' file not found
#include <ac_nonexistent.h>
         ^~~~~~~~~~~~~~~~~~
1 error generated.
configure:9935: $? = 1
configure: failed program was:
| /* confdefs.h */
| #define PACKAGE_NAME "unimrcp"
| #define PACKAGE_TARNAME "unimrcp"
| #define PACKAGE_VERSION "1.5.0"
| #define PACKAGE_STRING "unimrcp 1.5.0"
| #define PACKAGE_BUGREPORT ""
| #define PACKAGE_URL ""
| /* end confdefs.h.  */
| #include <ac_nonexistent.h>
configure:9964: checking for ANSI C header files
configure:9984: gcc -c -g -O2  conftest.c >&5
configure:9984: $? = 0
configure:10057: gcc -o conftest -g -O2   conftest.c  >&5
configure:10057: $? = 0
configure:10057: ./conftest
configure:10057: $? = 0
configure:10068: result: yes
configure:10081: checking for sys/types.h
configure:10081: gcc -c -g -O2  conftest.c >&5
configure:10081: $? = 0
configure:10081: result: yes
configure:10081: checking for sys/stat.h
configure:10081: gcc -c -g -O2  conftest.c >&5
configure:10081: $? = 0
configure:10081: result: yes
configure:10081: checking for stdlib.h
configure:10081: gcc -c -g -O2  conftest.c >&5
configure:10081: $? = 0
configure:10081: result: yes
configure:10081: checking for string.h
configure:10081: gcc -c -g -O2  conftest.c >&5
configure:10081: $? = 0
configure:10081: result: yes
configure:10081: checking for memory.h
configure:10081: gcc -c -g -O2  conftest.c >&5
configure:10081: $? = 0
configure:10081: result: yes
configure:10081: checking for strings.h
configure:10081: gcc -c -g -O2  conftest.c >&5
configure:10081: $? = 0
configure:10081: result: yes
configure:10081: checking for inttypes.h
configure:10081: gcc -c -g -O2  conftest.c >&5
configure:10081: $? = 0
configure:10081: result: yes
configure:10081: checking for stdint.h
configure:10081: gcc -c -g -O2  conftest.c >&5
configure:10081: $? = 0
configure:10081: result: yes
configure:10081: checking for unistd.h
configure:10081: gcc -c -g -O2  conftest.c >&5
configure:10081: $? = 0
configure:10081: result: yes
configure:10095: checking for dlfcn.h
configure:10095: gcc -c -g -O2  conftest.c >&5
configure:10095: $? = 0
configure:10095: result: yes
configure:10362: checking for objdir
configure:10377: result: .libs
configure:10641: checking if gcc supports -fno-rtti -fno-exceptions
configure:10659: gcc -c -g -O2  -fno-rtti -fno-exceptions conftest.c >&5
configure:10663: $? = 0
configure:10676: result: yes
configure:11034: checking for gcc option to produce PIC
configure:11041: result: -fno-common -DPIC
configure:11049: checking if gcc PIC flag -fno-common -DPIC works
configure:11067: gcc -c -g -O2  -fno-common -DPIC -DPIC conftest.c >&5
configure:11071: $? = 0
configure:11084: result: yes
configure:11113: checking if gcc static flag -static works
configure:11141: result: no
configure:11156: checking if gcc supports -c -o file.o
configure:11177: gcc -c -g -O2  -o out/conftest2.o conftest.c >&5
configure:11181: $? = 0
configure:11203: result: yes
configure:11211: checking if gcc supports -c -o file.o
configure:11258: result: yes
configure:11291: checking whether the gcc linker (/Applications/Xcode.app/Contents/Developer/Toolchains/XcodeDefault.xctoolchain/usr/bin/ld) supports shared libraries
configure:12550: result: yes
configure:12790: checking dynamic linker characteristics
configure:13608: result: darwin17.7.0 dyld
configure:13730: checking how to hardcode library paths into programs
configure:13755: result: immediate
configure:14303: checking whether stripping libraries is possible
configure:14317: result: yes
configure:14343: checking if libtool supports shared libraries
configure:14345: result: yes
configure:14348: checking whether to build shared libraries
configure:14373: result: yes
configure:14376: checking whether to build static libraries
configure:14380: result: yes
configure:14403: checking how to run the C++ preprocessor
configure:14430: g++ -E  conftest.cpp
configure:14430: $? = 0
configure:14444: g++ -E  conftest.cpp
conftest.cpp:21:10: fatal error: 'ac_nonexistent.h' file not found
#include <ac_nonexistent.h>
         ^~~~~~~~~~~~~~~~~~
1 error generated.
configure:14444: $? = 1
configure: failed program was:
| /* confdefs.h */
| #define PACKAGE_NAME "unimrcp"
| #define PACKAGE_TARNAME "unimrcp"
| #define PACKAGE_VERSION "1.5.0"
| #define PACKAGE_STRING "unimrcp 1.5.0"
| #define PACKAGE_BUGREPORT ""
| #define PACKAGE_URL ""
| #define STDC_HEADERS 1
| #define HAVE_SYS_TYPES_H 1
| #define HAVE_SYS_STAT_H 1
| #define HAVE_STDLIB_H 1
| #define HAVE_STRING_H 1
| #define HAVE_MEMORY_H 1
| #define HAVE_STRINGS_H 1
| #define HAVE_INTTYPES_H 1
| #define HAVE_STDINT_H 1
| #define HAVE_UNISTD_H 1
| #define HAVE_DLFCN_H 1
| #define LT_OBJDIR ".libs/"
| /* end confdefs.h.  */
| #include <ac_nonexistent.h>
configure:14469: result: g++ -E
configure:14489: g++ -E  conftest.cpp
configure:14489: $? = 0
configure:14503: g++ -E  conftest.cpp
conftest.cpp:21:10: fatal error: 'ac_nonexistent.h' file not found
#include <ac_nonexistent.h>
         ^~~~~~~~~~~~~~~~~~
1 error generated.
configure:14503: $? = 1
configure: failed program was:
| /* confdefs.h */
| #define PACKAGE_NAME "unimrcp"
| #define PACKAGE_TARNAME "unimrcp"
| #define PACKAGE_VERSION "1.5.0"
| #define PACKAGE_STRING "unimrcp 1.5.0"
| #define PACKAGE_BUGREPORT ""
| #define PACKAGE_URL ""
| #define STDC_HEADERS 1
| #define HAVE_SYS_TYPES_H 1
| #define HAVE_SYS_STAT_H 1
| #define HAVE_STDLIB_H 1
| #define HAVE_STRING_H 1
| #define HAVE_MEMORY_H 1
| #define HAVE_STRINGS_H 1
| #define HAVE_INTTYPES_H 1
| #define HAVE_STDINT_H 1
| #define HAVE_UNISTD_H 1
| #define HAVE_DLFCN_H 1
| #define LT_OBJDIR ".libs/"
| /* end confdefs.h.  */
| #include <ac_nonexistent.h>
configure:14665: checking for ld used by g++
configure:14732: result: /Applications/Xcode.app/Contents/Developer/Toolchains/XcodeDefault.xctoolchain/usr/bin/ld
configure:14739: checking if the linker (/Applications/Xcode.app/Contents/Developer/Toolchains/XcodeDefault.xctoolchain/usr/bin/ld) is GNU ld
configure:14754: result: no
configure:14809: checking whether the g++ linker (/Applications/Xcode.app/Contents/Developer/Toolchains/XcodeDefault.xctoolchain/usr/bin/ld) supports shared libraries
configure:15882: result: yes
configure:15918: g++ -c -g -O2  conftest.cpp >&5
configure:15921: $? = 0
configure:16402: checking for g++ option to produce PIC
configure:16409: result: -fno-common -DPIC
configure:16417: checking if g++ PIC flag -fno-common -DPIC works
configure:16435: g++ -c -g -O2  -fno-common -DPIC -DPIC conftest.cpp >&5
configure:16439: $? = 0
configure:16452: result: yes
configure:16475: checking if g++ static flag -static works
configure:16503: result: no
configure:16515: checking if g++ supports -c -o file.o
configure:16536: g++ -c -g -O2  -o out/conftest2.o conftest.cpp >&5
configure:16540: $? = 0
configure:16562: result: yes
configure:16567: checking if g++ supports -c -o file.o
configure:16614: result: yes
configure:16644: checking whether the g++ linker (/Applications/Xcode.app/Contents/Developer/Toolchains/XcodeDefault.xctoolchain/usr/bin/ld) supports shared libraries
configure:16684: result: yes
configure:16825: checking dynamic linker characteristics
configure:17570: result: darwin17.7.0 dyld
configure:17635: checking how to hardcode library paths into programs
configure:17660: result: immediate
configure:17725: checking for C compiler vendor
configure:17769: gcc -c -g -O2  conftest.c >&5
conftest.c:8:9: error: use of undeclared identifier 'thisisanerror'
        thisisanerror;
        ^
1 error generated.
configure:17769: $? = 1
configure: failed program was:
| /* end confdefs.h.  */
| 
| int
| main ()
| {
| 
|       #if !(defined(__ICC) || defined(__ECC) || defined(__INTEL_COMPILER))
|         thisisanerror;
|       #endif
| 
|   ;
|   return 0;
| }
configure:17769: gcc -c -g -O2  conftest.c >&5
conftest.c:8:9: error: use of undeclared identifier 'thisisanerror'
        thisisanerror;
        ^
1 error generated.
configure:17769: $? = 1
configure: failed program was:
| /* end confdefs.h.  */
| 
| int
| main ()
| {
| 
|       #if !(defined(__xlc__) || defined(__xlC__) || defined(__IBMC__) || defined(__IBMCPP__))
|         thisisanerror;
|       #endif
| 
|   ;
|   return 0;
| }
configure:17769: gcc -c -g -O2  conftest.c >&5
conftest.c:8:9: error: use of undeclared identifier 'thisisanerror'
        thisisanerror;
        ^
1 error generated.
configure:17769: $? = 1
configure: failed program was:
| /* end confdefs.h.  */
| 
| int
| main ()
| {
| 
|       #if !(defined(__PATHCC__) || defined(__PATHSCALE__))
|         thisisanerror;
|       #endif
| 
|   ;
|   return 0;
| }
configure:17769: gcc -c -g -O2  conftest.c >&5
configure:17769: $? = 0
configure:17777: result: clang
configure:17783: checking for pkg-config
configure:17801: found /usr/local/bin/pkg-config
configure:17814: result: /usr/local/bin/pkg-config
configure:17840: Apache Portable Runtime (APR) library configuration
configure:17868: checking for APR
configure:17944: result: yes
configure:17965: result: 1.7.0
configure:18075: Apache Portable Runtime Utility (APU) library configuration
configure:18103: checking for APR-util
configure:18179: result: yes
configure:18200: result: 1.6.1
configure:18272: Sofia SIP library configuration
configure:18275: checking for Sofia-SIP
configure:18331: result: yes
configure:18333: result: 1.12.11
configure:18355: enable inter-library dependencies: yes
configure:18373: enable maintainer mode: no
configure:18821: checking that generated files are newer than configure
configure:18827: result: done
configure:18914: creating ./config.status

## ---------------------- ##
## Running config.status. ##
## ---------------------- ##

This file was extended by unimrcp config.status 1.5.0, which was
generated by GNU Autoconf 2.69.  Invocation command line was

  CONFIG_FILES    = 
  CONFIG_HEADERS  = 
  CONFIG_LINKS    = 
  CONFIG_COMMANDS = 
  $ ./config.status 

on 191-0-4-18.user3g.veloxzone.com.br

config.status:1148: creating Makefile
config.status:1148: creating libs/Makefile
config.status:1148: creating libs/apr-toolkit/Makefile
config.status:1148: creating libs/mpf/Makefile
config.status:1148: creating libs/mrcp/Makefile
config.status:1148: creating libs/mrcp-signaling/Makefile
config.status:1148: creating libs/mrcpv2-transport/Makefile
config.status:1148: creating libs/mrcp-engine/Makefile
config.status:1148: creating libs/mrcp-server/Makefile
config.status:1148: creating libs/mrcp-client/Makefile
config.status:1148: creating libs/uni-rtsp/Makefile
config.status:1148: creating modules/Makefile
config.status:1148: creating modules/mrcp-sofiasip/Makefile
config.status:1148: creating modules/mrcp-unirtsp/Makefile
config.status:1148: creating plugins/Makefile
config.status:1148: creating plugins/mrcp-recorder/Makefile
config.status:1148: creating plugins/demo-synth/Makefile
config.status:1148: creating plugins/xfyun-synth/Makefile
config.status:1148: creating plugins/demo-recog/Makefile
config.status:1148: creating plugins/xfyun-recog/Makefile
config.status:1148: creating plugins/demo-verifier/Makefile
config.status:1148: creating platforms/Makefile
config.status:1148: creating platforms/libunimrcp-server/Makefile
config.status:1148: creating platforms/libunimrcp-client/Makefile
config.status:1148: creating platforms/unimrcp-server/Makefile
config.status:1148: creating platforms/unimrcp-client/Makefile
config.status:1148: creating platforms/libasr-client/Makefile
config.status:1148: creating platforms/asr-client/Makefile
config.status:1148: creating platforms/umc/Makefile
config.status:1148: creating tests/Makefile
config.status:1148: creating tests/apttest/Makefile
config.status:1148: creating tests/mpftest/Makefile
config.status:1148: creating tests/mrcptest/Makefile
config.status:1148: creating tests/rtsptest/Makefile
config.status:1148: creating tests/strtablegen/Makefile
config.status:1148: creating build/Makefile
config.status:1148: creating build/pkgconfig/Makefile
config.status:1148: creating build/pkgconfig/unimrcpclient.pc
config.status:1148: creating build/pkgconfig/unimrcpserver.pc
config.status:1148: creating build/pkgconfig/unimrcpplugin.pc
config.status:1148: creating conf/Makefile
config.status:1148: creating data/Makefile
config.status:1148: creating docs/doxygen.conf
config.status:1320: executing depfiles commands
config.status:1397: cd libs/apr-toolkit       && sed -e '/# am--include-marker/d' Makefile         | make -f - am--depfiles
make: Nothing to be done for `am--depfiles'.
config.status:1402: $? = 0
config.status:1397: cd libs/mpf       && sed -e '/# am--include-marker/d' Makefile         | make -f - am--depfiles
make: Nothing to be done for `am--depfiles'.
config.status:1402: $? = 0
config.status:1397: cd libs/mrcp       && sed -e '/# am--include-marker/d' Makefile         | make -f - am--depfiles
make: Nothing to be done for `am--depfiles'.
config.status:1402: $? = 0
config.status:1397: cd libs/mrcp-signaling       && sed -e '/# am--include-marker/d' Makefile         | make -f - am--depfiles
make: Nothing to be done for `am--depfiles'.
config.status:1402: $? = 0
config.status:1397: cd libs/mrcpv2-transport       && sed -e '/# am--include-marker/d' Makefile         | make -f - am--depfiles
make: Nothing to be done for `am--depfiles'.
config.status:1402: $? = 0
config.status:1397: cd libs/mrcp-engine       && sed -e '/# am--include-marker/d' Makefile         | make -f - am--depfiles
make: Nothing to be done for `am--depfiles'.
config.status:1402: $? = 0
config.status:1397: cd libs/mrcp-server       && sed -e '/# am--include-marker/d' Makefile         | make -f - am--depfiles
make: Nothing to be done for `am--depfiles'.
config.status:1402: $? = 0
config.status:1397: cd libs/mrcp-client       && sed -e '/# am--include-marker/d' Makefile         | make -f - am--depfiles
make: Nothing to be done for `am--depfiles'.
config.status:1402: $? = 0
config.status:1397: cd libs/uni-rtsp       && sed -e '/# am--include-marker/d' Makefile         | make -f - am--depfiles
make: Nothing to be done for `am--depfiles'.
config.status:1402: $? = 0
config.status:1397: cd modules/mrcp-sofiasip       && sed -e '/# am--include-marker/d' Makefile         | make -f - am--depfiles
make: Nothing to be done for `am--depfiles'.
config.status:1402: $? = 0
config.status:1397: cd modules/mrcp-unirtsp       && sed -e '/# am--include-marker/d' Makefile         | make -f - am--depfiles
make: Nothing to be done for `am--depfiles'.
config.status:1402: $? = 0
config.status:1397: cd plugins/mrcp-recorder       && sed -e '/# am--include-marker/d' Makefile         | make -f - am--depfiles
make: Nothing to be done for `am--depfiles'.
config.status:1402: $? = 0
config.status:1397: cd plugins/demo-synth       && sed -e '/# am--include-marker/d' Makefile         | make -f - am--depfiles
make: Nothing to be done for `am--depfiles'.
config.status:1402: $? = 0
config.status:1397: cd plugins/xfyun-synth       && sed -e '/# am--include-marker/d' Makefile         | make -f - am--depfiles
make: Nothing to be done for `am--depfiles'.
config.status:1402: $? = 0
config.status:1397: cd plugins/demo-recog       && sed -e '/# am--include-marker/d' Makefile         | make -f - am--depfiles
make: Nothing to be done for `am--depfiles'.
config.status:1402: $? = 0
config.status:1397: cd plugins/xfyun-recog       && sed -e '/# am--include-marker/d' Makefile         | make -f - am--depfiles
make: Nothing to be done for `am--depfiles'.
config.status:1402: $? = 0
config.status:1397: cd plugins/demo-verifier       && sed -e '/# am--include-marker/d' Makefile         | make -f - am--depfiles
make: Nothing to be done for `am--depfiles'.
config.status:1402: $? = 0
config.status:1397: cd platforms/libunimrcp-server       && sed -e '/# am--include-marker/d' Makefile         | make -f - am--depfiles
make: Nothing to be done for `am--depfiles'.
config.status:1402: $? = 0
config.status:1397: cd platforms/libunimrcp-client       && sed -e '/# am--include-marker/d' Makefile         | make -f - am--depfiles
make: Nothing to be done for `am--depfiles'.
config.status:1402: $? = 0
config.status:1397: cd platforms/unimrcp-server       && sed -e '/# am--include-marker/d' Makefile         | make -f - am--depfiles
make: Nothing to be done for `am--depfiles'.
config.status:1402: $? = 0
config.status:1397: cd platforms/unimrcp-client       && sed -e '/# am--include-marker/d' Makefile         | make -f - am--depfiles
make: Nothing to be done for `am--depfiles'.
config.status:1402: $? = 0
config.status:1397: cd platforms/libasr-client       && sed -e '/# am--include-marker/d' Makefile         | make -f - am--depfiles
make: Nothing to be done for `am--depfiles'.
config.status:1402: $? = 0
config.status:1397: cd platforms/asr-client       && sed -e '/# am--include-marker/d' Makefile         | make -f - am--depfiles
make: Nothing to be done for `am--depfiles'.
config.status:1402: $? = 0
config.status:1397: cd platforms/umc       && sed -e '/# am--include-marker/d' Makefile         | make -f - am--depfiles
make: Nothing to be done for `am--depfiles'.
config.status:1402: $? = 0
config.status:1397: cd tests/apttest       && sed -e '/# am--include-marker/d' Makefile         | make -f - am--depfiles
make: Nothing to be done for `am--depfiles'.
config.status:1402: $? = 0
config.status:1397: cd tests/mpftest       && sed -e '/# am--include-marker/d' Makefile         | make -f - am--depfiles
make: Nothing to be done for `am--depfiles'.
config.status:1402: $? = 0
config.status:1397: cd tests/mrcptest       && sed -e '/# am--include-marker/d' Makefile         | make -f - am--depfiles
make: Nothing to be done for `am--depfiles'.
config.status:1402: $? = 0
config.status:1397: cd tests/rtsptest       && sed -e '/# am--include-marker/d' Makefile         | make -f - am--depfiles
make: Nothing to be done for `am--depfiles'.
config.status:1402: $? = 0
config.status:1397: cd tests/strtablegen       && sed -e '/# am--include-marker/d' Makefile         | make -f - am--depfiles
make: Nothing to be done for `am--depfiles'.
config.status:1402: $? = 0
config.status:1320: executing libtool commands

## ---------------- ##
## Cache variables. ##
## ---------------- ##

ac_cv_build=x86_64-apple-darwin17.7.0
ac_cv_c_compiler_gnu=yes
ac_cv_cxx_compiler_gnu=yes
ac_cv_env_CCC_set=
ac_cv_env_CCC_value=
ac_cv_env_CC_set=
ac_cv_env_CC_value=
ac_cv_env_CFLAGS_set=
ac_cv_env_CFLAGS_value=
ac_cv_env_CPPFLAGS_set=
ac_cv_env_CPPFLAGS_value=
ac_cv_env_CPP_set=
ac_cv_env_CPP_value=
ac_cv_env_CXXCPP_set=
ac_cv_env_CXXCPP_value=
ac_cv_env_CXXFLAGS_set=
ac_cv_env_CXXFLAGS_value=
ac_cv_env_CXX_set=
ac_cv_env_CXX_value=
ac_cv_env_LDFLAGS_set=
ac_cv_env_LDFLAGS_value=
ac_cv_env_LIBS_set=
ac_cv_env_LIBS_value=
ac_cv_env_LT_SYS_LIBRARY_PATH_set=
ac_cv_env_LT_SYS_LIBRARY_PATH_value=
ac_cv_env_build_alias_set=
ac_cv_env_build_alias_value=
ac_cv_env_host_alias_set=
ac_cv_env_host_alias_value=
ac_cv_env_target_alias_set=
ac_cv_env_target_alias_value=
ac_cv_header_dlfcn_h=yes
ac_cv_header_inttypes_h=yes
ac_cv_header_memory_h=yes
ac_cv_header_stdc=yes
ac_cv_header_stdint_h=yes
ac_cv_header_stdlib_h=yes
ac_cv_header_string_h=yes
ac_cv_header_strings_h=yes
ac_cv_header_sys_stat_h=yes
ac_cv_header_sys_types_h=yes
ac_cv_header_unistd_h=yes
ac_cv_host=x86_64-apple-darwin17.7.0
ac_cv_objext=o
ac_cv_path_EGREP='/usr/bin/grep -E'
ac_cv_path_FGREP='/usr/bin/grep -F'
ac_cv_path_GREP=/usr/bin/grep
ac_cv_path_PKG_CONFIG=/usr/local/bin/pkg-config
ac_cv_path_SED=/usr/bin/sed
ac_cv_path_install='/usr/bin/install -c'
ac_cv_path_lt_DD=/bin/dd
ac_cv_prog_AWK=awk
ac_cv_prog_CPP='gcc -E'
ac_cv_prog_CXXCPP='g++ -E'
ac_cv_prog_ac_ct_AR=ar
ac_cv_prog_ac_ct_CC=gcc
ac_cv_prog_ac_ct_CXX=g++
ac_cv_prog_ac_ct_DSYMUTIL=dsymutil
ac_cv_prog_ac_ct_LIPO=lipo
ac_cv_prog_ac_ct_NMEDIT=nmedit
ac_cv_prog_ac_ct_OBJDUMP=objdump
ac_cv_prog_ac_ct_OTOOL=otool
ac_cv_prog_ac_ct_RANLIB=ranlib
ac_cv_prog_ac_ct_STRIP=strip
ac_cv_prog_cc_c89=
ac_cv_prog_cc_g=yes
ac_cv_prog_cxx_g=yes
ac_cv_prog_make_make_set=yes
am_cv_CC_dependencies_compiler_type=gcc3
am_cv_CXX_dependencies_compiler_type=gcc3
am_cv_make_support_nested_variables=yes
am_cv_prog_cc_c_o=yes
ax_cv_c_compiler_vendor=clang
lt_cv_apple_cc_single_mod=yes
lt_cv_ar_at_file=no
lt_cv_deplibs_check_method=pass_all
lt_cv_file_magic_cmd='$MAGIC_CMD'
lt_cv_file_magic_test_file=
lt_cv_ld_exported_symbols_list=yes
lt_cv_ld_force_load=yes
lt_cv_ld_reload_flag=-r
lt_cv_nm_interface='BSD nm'
lt_cv_objdir=.libs
lt_cv_path_LD=/Applications/Xcode.app/Contents/Developer/Toolchains/XcodeDefault.xctoolchain/usr/bin/ld
lt_cv_path_LDCXX=/Applications/Xcode.app/Contents/Developer/Toolchains/XcodeDefault.xctoolchain/usr/bin/ld
lt_cv_path_NM='/usr/bin/nm -B'
lt_cv_path_mainfest_tool=no
lt_cv_prog_compiler_c_o=yes
lt_cv_prog_compiler_c_o_CXX=yes
lt_cv_prog_compiler_pic='-fno-common -DPIC'
lt_cv_prog_compiler_pic_CXX='-fno-common -DPIC'
lt_cv_prog_compiler_pic_works=yes
lt_cv_prog_compiler_pic_works_CXX=yes
lt_cv_prog_compiler_rtti_exceptions=yes
lt_cv_prog_compiler_static_works=no
lt_cv_prog_compiler_static_works_CXX=no
lt_cv_prog_gnu_ld=no
lt_cv_prog_gnu_ldcxx=no
lt_cv_sharedlib_from_linklib_cmd='printf %s\n'
lt_cv_sys_global_symbol_pipe='sed -n -e '\''s/^.*[	 ]\([BCDEGRST][BCDEGRST]*\)[	 ][	 ]*_\([_A-Za-z][_A-Za-z0-9]*\)$/\1 _\2 \2/p'\'' | sed '\''/ __gnu_lto/d'\'''
lt_cv_sys_global_symbol_to_c_name_address='sed -n -e '\''s/^: \(.*\) .*$/  {"\1", (void *) 0},/p'\'' -e '\''s/^[BCDEGRST][BCDEGRST]* .* \(.*\)$/  {"\1", (void *) \&\1},/p'\'''
lt_cv_sys_global_symbol_to_c_name_address_lib_prefix='sed -n -e '\''s/^: \(.*\) .*$/  {"\1", (void *) 0},/p'\'' -e '\''s/^[BCDEGRST][BCDEGRST]* .* \(lib.*\)$/  {"\1", (void *) \&\1},/p'\'' -e '\''s/^[BCDEGRST][BCDEGRST]* .* \(.*\)$/  {"lib\1", (void *) \&\1},/p'\'''
lt_cv_sys_global_symbol_to_cdecl='sed -n -e '\''s/^T .* \(.*\)$/extern int \1();/p'\'' -e '\''s/^[BCDEGRST][BCDEGRST]* .* \(.*\)$/extern char \1;/p'\'''
lt_cv_sys_global_symbol_to_import=
lt_cv_sys_max_cmd_len=196608
lt_cv_to_host_file_cmd=func_convert_file_noop
lt_cv_to_tool_file_cmd=func_convert_file_noop
lt_cv_truncate_bin='/bin/dd bs=4096 count=1'

## ----------------- ##
## Output variables. ##
## ----------------- ##

ACLOCAL='${SHELL} /Volumes/XDiskHome/macOS_repos/UniMRCP-with-freeswitch/unimrcp-1.5.0/build/missing aclocal-1.16'
AMDEPBACKSLASH='\'
AMDEP_FALSE='#'
AMDEP_TRUE=''
AMTAR='$${TAR-tar}'
AM_BACKSLASH='\'
AM_DEFAULT_V='$(AM_DEFAULT_VERBOSITY)'
AM_DEFAULT_VERBOSITY='0'
AM_V='$(V)'
AR='ar'
ASR_CLIENT_FALSE='#'
ASR_CLIENT_TRUE=''
AUTOCONF='${SHELL} /Volumes/XDiskHome/macOS_repos/UniMRCP-with-freeswitch/unimrcp-1.5.0/build/missing autoconf'
AUTOHEADER='${SHELL} /Volumes/XDiskHome/macOS_repos/UniMRCP-with-freeswitch/unimrcp-1.5.0/build/missing autoheader'
AUTOMAKE='${SHELL} /Volumes/XDiskHome/macOS_repos/UniMRCP-with-freeswitch/unimrcp-1.5.0/build/missing automake-1.16'
AWK='awk'
CC='gcc'
CCDEPMODE='depmode=gcc3'
CFLAGS='-g -O2'
COMMON_CLIENT_DATA_FALSE='#'
COMMON_CLIENT_DATA_TRUE=''
CPP='gcc -E'
CPPFLAGS=' -DDARWIN -DSIGPROCMASK_SETS_THREAD_MASK -DDARWIN_10'
CXX='g++'
CXXCPP='g++ -E'
CXXDEPMODE='depmode=gcc3'
CXXFLAGS='-g -O2'
CYGPATH_W='echo'
DEFS=''
DEMORECOG_PLUGIN_FALSE='#'
DEMORECOG_PLUGIN_TRUE=''
DEMOSYNTH_PLUGIN_FALSE='#'
DEMOSYNTH_PLUGIN_TRUE=''
DEMOVERIFIER_PLUGIN_FALSE='#'
DEMOVERIFIER_PLUGIN_TRUE=''
DEPDIR='.deps'
DLLTOOL='false'
DSYMUTIL='dsymutil'
DUMPBIN=''
ECHO_C='\c'
ECHO_N=''
ECHO_T=''
EGREP='/usr/bin/grep -E'
EXEEXT=''
FGREP='/usr/bin/grep -F'
GREP='/usr/bin/grep'
INSTALL_DATA='${INSTALL} -m 644'
INSTALL_PROGRAM='${INSTALL}'
INSTALL_SCRIPT='${INSTALL}'
INSTALL_STRIP_PROGRAM='$(install_sh) -c -s'
ISMAC_FALSE='#'
ISMAC_TRUE=''
LD='/Applications/Xcode.app/Contents/Developer/Toolchains/XcodeDefault.xctoolchain/usr/bin/ld'
LDFLAGS=' '
LIBOBJS=''
LIBS=''
LIBTOOL='$(SHELL) $(top_builddir)/libtool'
LIPO='lipo'
LN_S='ln -s'
LTLIBOBJS=''
LT_SYS_LIBRARY_PATH=''
MAKEINFO='${SHELL} /Volumes/XDiskHome/macOS_repos/UniMRCP-with-freeswitch/unimrcp-1.5.0/build/missing makeinfo'
MANIFEST_TOOL=':'
MKDIR_P='build/install-sh -c -d'
NM='/usr/bin/nm -B'
NMEDIT='nmedit'
OBJDUMP='objdump'
OBJEXT='o'
OTOOL64=':'
OTOOL='otool'
PACKAGE='unimrcp'
PACKAGE_BUGREPORT=''
PACKAGE_NAME='unimrcp'
PACKAGE_STRING='unimrcp 1.5.0'
PACKAGE_TARNAME='unimrcp'
PACKAGE_URL=''
PACKAGE_VERSION='1.5.0'
PATH_SEPARATOR=':'
PKG_CONFIG='/usr/local/bin/pkg-config'
PLUGIN_LT_VERSION='-version-info 5:0:5'
RANLIB='ranlib'
RECORDER_PLUGIN_FALSE='#'
RECORDER_PLUGIN_TRUE=''
SED='/usr/bin/sed'
SET_MAKE=''
SHELL='/bin/sh'
STRIP='strip'
TEST_SUITES_FALSE=''
TEST_SUITES_TRUE='#'
UMC_FALSE='#'
UMC_TRUE=''
UNIMRCP_APR_INCLUDES=' -I/usr/local/apr/include/apr-1 '
UNIMRCP_APR_LIBS=' -L/usr/local/apr/lib -lapr-1 -laprutil-1'
UNIMRCP_CLIENT_APP_FALSE='#'
UNIMRCP_CLIENT_APP_TRUE=''
UNIMRCP_CLIENT_LIB_FALSE='#'
UNIMRCP_CLIENT_LIB_TRUE=''
UNIMRCP_SERVER_APP_FALSE='#'
UNIMRCP_SERVER_APP_TRUE=''
UNIMRCP_SERVER_LIB_FALSE='#'
UNIMRCP_SERVER_LIB_TRUE=''
UNIMRCP_SOFIA_INCLUDES='-I/usr/local/include/sofia-sip-1.12'
UNIMRCP_SOFIA_LIBS='-L/usr/local/lib -lsofia-sip-ua -framework CoreFoundation -framework SystemConfiguration'
UNI_DOTTED_VERSION='1.5.0'
UNI_LT_VERSION='-version-info 5:0:5'
VERSION='1.5.0'
XFYUNRECOG_PLUGIN_FALSE='#'
XFYUNRECOG_PLUGIN_TRUE=''
XFYUNSYNTH_PLUGIN_FALSE='#'
XFYUNSYNTH_PLUGIN_TRUE=''
ac_aux_dir='build'
ac_ct_AR='ar'
ac_ct_CC='gcc'
ac_ct_CXX='g++'
ac_ct_DUMPBIN=''
ac_macro_dir='build/acmacros'
am__EXEEXT_FALSE=''
am__EXEEXT_TRUE='#'
am__fastdepCC_FALSE='#'
am__fastdepCC_TRUE=''
am__fastdepCXX_FALSE='#'
am__fastdepCXX_TRUE=''
am__include='include'
am__isrc=''
am__leading_dot='.'
am__nodep='_no'
am__quote=''
am__tar='$${TAR-tar} chof - "$$tardir"'
am__untar='$${TAR-tar} xf -'
bindir='${exec_prefix}/bin'
build='x86_64-apple-darwin17.7.0'
build_alias=''
build_cpu='x86_64'
build_os='darwin17.7.0'
build_vendor='apple'
datadir='${prefix}/data'
datarootdir='${prefix}/share'
docdir='${datarootdir}/doc/${PACKAGE_TARNAME}'
dvidir='${docdir}'
exec_prefix='${prefix}'
host='x86_64-apple-darwin17.7.0'
host_alias=''
host_cpu='x86_64'
host_os='darwin17.7.0'
host_vendor='apple'
htmldir='${docdir}'
includedir='${prefix}/include'
infodir='${datarootdir}/info'
install_sh='${SHELL} /Volumes/XDiskHome/macOS_repos/UniMRCP-with-freeswitch/unimrcp-1.5.0/build/install-sh'
libdir='${exec_prefix}/lib'
libexecdir='${exec_prefix}/modules'
localedir='${datarootdir}/locale'
localstatedir='${prefix}'
logdir='${exec_prefix}/log'
mandir='${prefix}/man'
mkdir_p='$(MKDIR_P)'
oldincludedir='/usr/include'
pdfdir='${docdir}'
plugindir='${exec_prefix}/plugin'
prefix='/usr/local/unimrcp'
program_transform_name='s,x,x,'
psdir='${docdir}'
sbindir='${exec_prefix}/bin'
sharedstatedir='${prefix}/com'
sysconfdir='${prefix}/conf'
target_alias=''
vardir='${exec_prefix}/var'

configure: exit 0

## ---------------------- ##
## Running config.status. ##
## ---------------------- ##

This file was extended by unimrcp config.status 1.5.0, which was
generated by GNU Autoconf 2.69.  Invocation command line was

  CONFIG_FILES    = 
  CONFIG_HEADERS  = 
  CONFIG_LINKS    = 
  CONFIG_COMMANDS = 
  $ ./config.status plugins/xfyun-synth/Makefile depfiles

on 191-0-4-18.user3g.veloxzone.com.br

config.status:1148: creating plugins/xfyun-synth/Makefile
config.status:1320: executing depfiles commands

## ---------------------- ##
## Running config.status. ##
## ---------------------- ##

This file was extended by unimrcp config.status 1.5.0, which was
generated by GNU Autoconf 2.69.  Invocation command line was

  CONFIG_FILES    = 
  CONFIG_HEADERS  = 
  CONFIG_LINKS    = 
  CONFIG_COMMANDS = 
  $ ./config.status plugins/xfyun-recog/Makefile depfiles

on 191-0-4-18.user3g.veloxzone.com.br

config.status:1148: creating plugins/xfyun-recog/Makefile
config.status:1320: executing depfiles commands
config.status:1397: cd plugins/xfyun-recog       && sed -e '/# am--include-marker/d' Makefile         | make -f - am--depfiles
make[3]: Nothing to be done for `am--depfiles'.
config.status:1402: $? = 0
